android/build/intermediates/manifest_merge_blame_file/debug/manifest-merger-blame-debug-report.txt
1<?xml version="1.0" encoding="utf-8"?>
2<manifest xmlns:android="http://schemas.android.com/apk/res/android"
3    package="com.vlcpro" >
4
5    <uses-sdk android:minSdkVersion="21" />
6
7    <!-- Permissions nécessaires pour VLC -->
8    <uses-permission android:name="android.permission.INTERNET" />
8-->src/main/AndroidManifest.xml:5:5-67
8-->src/main/AndroidManifest.xml:5:22-64
9    <uses-permission android:name="android.permission.ACCESS_NETWORK_STATE" />
9-->src/main/AndroidManifest.xml:6:5-79
9-->src/main/AndroidManifest.xml:6:22-76
10    <uses-permission android:name="android.permission.READ_EXTERNAL_STORAGE" />
10-->src/main/AndroidManifest.xml:7:5-80
10-->src/main/AndroidManifest.xml:7:22-77
11    <uses-permission android:name="android.permission.WAKE_LOCK" />
11-->src/main/AndroidManifest.xml:8:5-68
11-->src/main/AndroidManifest.xml:8:22-65
12
13    <!-- Support pour le décodage matériel -->
14    <uses-feature
14-->src/main/AndroidManifest.xml:11:5-90
15        android:name="android.hardware.touchscreen"
15-->src/main/AndroidManifest.xml:11:19-62
16        android:required="false" />
16-->src/main/AndroidManifest.xml:11:63-87
17    <uses-feature
17-->src/main/AndroidManifest.xml:12:5-87
18        android:name="android.software.leanback"
18-->src/main/AndroidManifest.xml:12:19-59
19        android:required="false" />
19-->src/main/AndroidManifest.xml:12:60-84
20
21</manifest>